<?xml version="1.0" encoding="UTF-8"?>
<!-- Generated by org.testng.reporters.JUnitReportReporter -->
<testsuite hostname="TECH33" name="com.flightsOne.IndigoSrcAndDest" tests="2" failures="0" timestamp="12 Nov 2018 12:00:07 GMT" time="346.378" errors="0">
  <testcase name="from" time="342.678" classname="com.flightsOne.IndigoSrcAndDest"/>
  <testcase name="To" time="3.700" classname="com.flightsOne.IndigoSrcAndDest"/>
</testsuite> <!-- com.flightsOne.IndigoSrcAndDest -->
