<?xml version="1.0" encoding="UTF-8"?>
<!-- Generated by org.testng.reporters.JUnitReportReporter -->
<testsuite skipped="0" hostname="TECH33" name="com.emtHotePage.SearchHotelPage" tests="1" failures="0" timestamp="07 Dec 2018 06:03:19 GMT" time="18.221" errors="0">
  <testcase name="launchBrowser" time="18.221" classname="com.emtHotePage.SearchHotelPage"/>
</testsuite> <!-- com.emtHotePage.SearchHotelPage -->
