<?xml version="1.0" encoding="UTF-8"?>
<!-- Generated by org.testng.reporters.JUnitReportReporter -->
<testsuite skipped="0" hostname="TECH33" name="com.emtHotePage.HotelTest" tests="1" failures="0" timestamp="03 Jan 2019 18:48:24 GMT" time="19844.881" errors="0">
  <testcase name="goingToSearchHotel" time="19844.881" classname="com.emtHotePage.HotelTest"/>
</testsuite> <!-- com.emtHotePage.HotelTest -->
